<?xml version="1.0" encoding="UTF-8"?>
<testsuite xmlns:xsi="http://www.w3.org/2001/XMLSchema-instance" xsi:noNamespaceSchemaLocation="https://maven.apache.org/surefire/maven-surefire-plugin/xsd/surefire-test-report.xsd" version="3.0.2" name="org.perswsj.LogTest" time="0.165" tests="1" errors="0" skipped="0" failures="0">
  <properties>
[...]
</properties>
  <testcase name="testLog" classname="org.perswsj.LogTest" time="0.004">
    <system-out><![CDATA[2026-05-13 21:27:34.784 [main] INFO  org.perswsj.LogTest-计算结果为: 101
]]></system-out>
  </testcase>
</testsuite>